[0m13:59:38.859029 [debug] [MainThread]: Sending event: {'category': 'dbt', 'action': 'invocation', 'label': 'start', 'context': [<snowplow_tracker.self_describing_json.SelfDescribingJson object at 0x000002250AA4F020>, <snowplow_tracker.self_describing_json.SelfDescribingJson object at 0x000002250A933C20>, <snowplow_tracker.self_describing_json.SelfDescribingJson object at 0x000002250AA4D970>]}


============================== 13:59:38.924812 | a69ce1d0-12ea-4eab-83cb-fd37d7165485 ==============================
[0m13:59:38.924812 [info ] [MainThread]: Running with dbt=1.7.11
[0m13:59:38.924812 [debug] [MainThread]: running dbt with arguments {'printer_width': '80', 'indirect_selection': 'eager', 'log_cache_events': 'False', 'write_json': 'True', 'partial_parse': 'True', 'cache_selected_only': 'False', 'profiles_dir': 'C:\\Users\\JulianGourmelon-aret\\.dbt', 'version_check': 'True', 'warn_error': 'None', 'log_path': 'logs', 'debug': 'False', 'fail_fast': 'False', 'use_colors': 'True', 'use_experimental_parser': 'False', 'no_print': 'None', 'quiet': 'False', 'log_format': 'default', 'introspect': 'True', 'warn_error_options': 'WarnErrorOptions(include=[], exclude=[])', 'static_parser': 'True', 'target_path': 'None', 'invocation_command': 'dbt init dbt_project_1', 'send_anonymous_usage_stats': 'True'}
[0m13:59:38.936139 [info ] [MainThread]: A project called dbt_project_1 already exists here.
[0m13:59:38.943327 [debug] [MainThread]: Command `dbt init` succeeded at 13:59:38.943327 after 0.43 seconds
[0m13:59:38.943327 [debug] [MainThread]: Sending event: {'category': 'dbt', 'action': 'invocation', 'label': 'end', 'context': [<snowplow_tracker.self_describing_json.SelfDescribingJson object at 0x000002250A7D7F80>, <snowplow_tracker.self_describing_json.SelfDescribingJson object at 0x000002250A861A90>, <snowplow_tracker.self_describing_json.SelfDescribingJson object at 0x000002250A945280>]}
[0m13:59:38.950437 [debug] [MainThread]: Flushing usage events
[0m14:00:07.338904 [debug] [MainThread]: Sending event: {'category': 'dbt', 'action': 'invocation', 'label': 'start', 'context': [<snowplow_tracker.self_describing_json.SelfDescribingJson object at 0x000001F81AE7A390>, <snowplow_tracker.self_describing_json.SelfDescribingJson object at 0x000001F81AE7AC60>, <snowplow_tracker.self_describing_json.SelfDescribingJson object at 0x000001F81AE79520>]}


============================== 14:00:07.354424 | 82bb6411-de79-4c61-82c7-11eec9a6f8dd ==============================
[0m14:00:07.354424 [info ] [MainThread]: Running with dbt=1.7.11
[0m14:00:07.354424 [debug] [MainThread]: running dbt with arguments {'printer_width': '80', 'indirect_selection': 'eager', 'log_cache_events': 'False', 'write_json': 'True', 'partial_parse': 'True', 'cache_selected_only': 'False', 'profiles_dir': 'C:\\Users\\JulianGourmelon-aret\\.dbt', 'debug': 'False', 'warn_error': 'None', 'log_path': 'logs', 'version_check': 'True', 'fail_fast': 'False', 'use_colors': 'True', 'use_experimental_parser': 'False', 'no_print': 'None', 'quiet': 'False', 'log_format': 'default', 'introspect': 'True', 'static_parser': 'True', 'invocation_command': 'dbt init dbt_project_1', 'target_path': 'None', 'warn_error_options': 'WarnErrorOptions(include=[], exclude=[])', 'send_anonymous_usage_stats': 'True'}
[0m14:00:07.372991 [debug] [MainThread]: Starter project path: C:\Users\JulianGourmelon-aret\OneDrive - areto consulting gmbh\Dokumente\dbt_full_pipeline\dbt_env\Lib\site-packages\dbt\include\starter_project
[0m14:00:07.505271 [info ] [MainThread]:
Your new dbt project "dbt_project_1" was created!

For more information on how to configure the profiles.yml file,
please consult the dbt documentation here:

  https://docs.getdbt.com/docs/configure-your-profile

One more thing:

Need help? Don't hesitate to reach out to us via GitHub issues or on Slack:

  https://community.getdbt.com/

Happy modeling!

[0m14:00:07.505271 [info ] [MainThread]: Setting up your profile.
[0m14:03:48.891599 [info ] [MainThread]: Profile dbt_project_1 written to C:\Users\JulianGourmelon-aret\.dbt\profiles.yml using target's profile_template.yml and your supplied values. Run 'dbt debug' to validate the connection.
[0m14:03:48.896077 [debug] [MainThread]: Command `dbt init` succeeded at 14:03:48.893335 after 221.73 seconds
[0m14:03:48.898745 [debug] [MainThread]: Sending event: {'category': 'dbt', 'action': 'invocation', 'label': 'end', 'context': [<snowplow_tracker.self_describing_json.SelfDescribingJson object at 0x000001F81A1FF8F0>, <snowplow_tracker.self_describing_json.SelfDescribingJson object at 0x000001F81BB47A70>, <snowplow_tracker.self_describing_json.SelfDescribingJson object at 0x000001F81AE4DD30>]}
[0m14:03:48.898745 [debug] [MainThread]: Flushing usage events
[0m14:04:10.617511 [debug] [MainThread]: Sending event: {'category': 'dbt', 'action': 'invocation', 'label': 'start', 'context': [<snowplow_tracker.self_describing_json.SelfDescribingJson object at 0x000001DE436BE000>, <snowplow_tracker.self_describing_json.SelfDescribingJson object at 0x000001DE436BE120>, <snowplow_tracker.self_describing_json.SelfDescribingJson object at 0x000001DE436BCB60>]}


============================== 14:04:10.617511 | c7d0b4a1-424c-4e98-96fc-54c2e5b9b1e8 ==============================
[0m14:04:10.617511 [info ] [MainThread]: Running with dbt=1.7.11
[0m14:04:10.633135 [debug] [MainThread]: running dbt with arguments {'printer_width': '80', 'indirect_selection': 'eager', 'log_cache_events': 'False', 'write_json': 'True', 'partial_parse': 'True', 'cache_selected_only': 'False', 'profiles_dir': 'C:\\Users\\JulianGourmelon-aret\\.dbt', 'debug': 'False', 'version_check': 'True', 'log_path': 'logs', 'fail_fast': 'False', 'warn_error': 'None', 'use_colors': 'True', 'use_experimental_parser': 'False', 'no_print': 'None', 'quiet': 'False', 'log_format': 'default', 'static_parser': 'True', 'warn_error_options': 'WarnErrorOptions(include=[], exclude=[])', 'invocation_command': 'dbt debug', 'target_path': 'None', 'introspect': 'True', 'send_anonymous_usage_stats': 'True'}
[0m14:04:10.633135 [info ] [MainThread]: dbt version: 1.7.11
[0m14:04:10.633135 [info ] [MainThread]: python version: 3.12.2
[0m14:04:10.640250 [info ] [MainThread]: python path: C:\Users\JulianGourmelon-aret\OneDrive - areto consulting gmbh\Dokumente\dbt_full_pipeline\dbt_env\Scripts\python.exe
[0m14:04:10.641313 [info ] [MainThread]: os info: Windows-11-10.0.22631-SP0
[0m14:04:11.398202 [info ] [MainThread]: Using profiles dir at C:\Users\JulianGourmelon-aret\.dbt
[0m14:04:11.398202 [info ] [MainThread]: Using profiles.yml file at C:\Users\JulianGourmelon-aret\.dbt\profiles.yml
[0m14:04:11.398202 [info ] [MainThread]: Using dbt_project.yml file at C:\Users\JulianGourmelon-aret\OneDrive - areto consulting gmbh\Dokumente\dbt_full_pipeline\dbt_project.yml
[0m14:04:11.398202 [error] [MainThread]: Encountered an error:
Internal Error
  Profile should not be None if loading profile completed
[0m14:04:11.415241 [debug] [MainThread]: Command `dbt debug` failed at 14:04:11.414117 after 1.06 seconds
[0m14:04:11.415241 [debug] [MainThread]: Sending event: {'category': 'dbt', 'action': 'invocation', 'label': 'end', 'context': [<snowplow_tracker.self_describing_json.SelfDescribingJson object at 0x000001DE4297FD70>, <snowplow_tracker.self_describing_json.SelfDescribingJson object at 0x000001DE44098DA0>, <snowplow_tracker.self_describing_json.SelfDescribingJson object at 0x000001DE433A2C90>]}
[0m14:04:11.415241 [debug] [MainThread]: Flushing usage events
[0m14:08:40.617495 [debug] [MainThread]: Sending event: {'category': 'dbt', 'action': 'invocation', 'label': 'start', 'context': [<snowplow_tracker.self_describing_json.SelfDescribingJson object at 0x0000024E3696A330>, <snowplow_tracker.self_describing_json.SelfDescribingJson object at 0x0000024E35D0E0C0>, <snowplow_tracker.self_describing_json.SelfDescribingJson object at 0x0000024E3696ADB0>]}


============================== 14:08:40.617495 | f3868dd3-abc4-4fef-b29e-48ed223ce028 ==============================
[0m14:08:40.617495 [info ] [MainThread]: Running with dbt=1.7.11
[0m14:08:40.617495 [debug] [MainThread]: running dbt with arguments {'printer_width': '80', 'indirect_selection': 'eager', 'write_json': 'True', 'log_cache_events': 'False', 'partial_parse': 'True', 'cache_selected_only': 'False', 'warn_error': 'None', 'version_check': 'True', 'debug': 'False', 'log_path': 'logs', 'fail_fast': 'False', 'profiles_dir': 'C:\\Users\\JulianGourmelon-aret\\.dbt', 'use_colors': 'True', 'use_experimental_parser': 'False', 'no_print': 'None', 'quiet': 'False', 'log_format': 'default', 'introspect': 'True', 'warn_error_options': 'WarnErrorOptions(include=[], exclude=[])', 'invocation_command': 'dbt debug --config-dir', 'target_path': 'None', 'static_parser': 'True', 'send_anonymous_usage_stats': 'True'}
[0m14:08:40.617495 [info ] [MainThread]: To view your profiles.yml file, run:

start C:\Users\JulianGourmelon-aret\.dbt
[0m14:08:40.617495 [debug] [MainThread]: Command `dbt debug` succeeded at 14:08:40.617495 after 0.24 seconds
[0m14:08:40.617495 [debug] [MainThread]: Sending event: {'category': 'dbt', 'action': 'invocation', 'label': 'end', 'context': [<snowplow_tracker.self_describing_json.SelfDescribingJson object at 0x0000024E33A9D010>, <snowplow_tracker.self_describing_json.SelfDescribingJson object at 0x0000024E3676F080>, <snowplow_tracker.self_describing_json.SelfDescribingJson object at 0x0000024E3677E8A0>]}
[0m14:08:40.617495 [debug] [MainThread]: Flushing usage events
[0m14:10:51.838551 [debug] [MainThread]: Sending event: {'category': 'dbt', 'action': 'invocation', 'label': 'start', 'context': [<snowplow_tracker.self_describing_json.SelfDescribingJson object at 0x00000227D576E480>, <snowplow_tracker.self_describing_json.SelfDescribingJson object at 0x00000227D576E6C0>, <snowplow_tracker.self_describing_json.SelfDescribingJson object at 0x00000227D576D5E0>]}


============================== 14:10:51.852111 | 1aa76f9f-1ee6-445e-80e2-3cdaa276b5f9 ==============================
[0m14:10:51.852111 [info ] [MainThread]: Running with dbt=1.7.11
[0m14:10:51.856684 [debug] [MainThread]: running dbt with arguments {'printer_width': '80', 'indirect_selection': 'eager', 'write_json': 'True', 'log_cache_events': 'False', 'partial_parse': 'True', 'cache_selected_only': 'False', 'profiles_dir': 'C:\\Users\\JulianGourmelon-aret\\.dbt', 'version_check': 'True', 'debug': 'False', 'log_path': 'logs', 'fail_fast': 'False', 'warn_error': 'None', 'use_colors': 'True', 'use_experimental_parser': 'False', 'no_print': 'None', 'quiet': 'False', 'log_format': 'default', 'invocation_command': 'dbt debug', 'static_parser': 'True', 'introspect': 'True', 'target_path': 'None', 'warn_error_options': 'WarnErrorOptions(include=[], exclude=[])', 'send_anonymous_usage_stats': 'True'}
[0m14:10:51.859058 [info ] [MainThread]: dbt version: 1.7.11
[0m14:10:51.861106 [info ] [MainThread]: python version: 3.12.2
[0m14:10:51.861106 [info ] [MainThread]: python path: C:\Users\JulianGourmelon-aret\OneDrive - areto consulting gmbh\Dokumente\dbt_full_pipeline\dbt_env\Scripts\python.exe
[0m14:10:51.861106 [info ] [MainThread]: os info: Windows-11-10.0.22631-SP0
[0m14:10:52.563640 [info ] [MainThread]: Using profiles dir at C:\Users\JulianGourmelon-aret\.dbt
[0m14:10:52.579283 [info ] [MainThread]: Using profiles.yml file at C:\Users\JulianGourmelon-aret\.dbt\profiles.yml
[0m14:10:52.579283 [info ] [MainThread]: Using dbt_project.yml file at C:\Users\JulianGourmelon-aret\OneDrive - areto consulting gmbh\Dokumente\dbt_full_pipeline\dbt_project.yml
[0m14:10:52.579283 [error] [MainThread]: Encountered an error:
Internal Error
  Profile should not be None if loading profile completed
[0m14:10:52.579283 [debug] [MainThread]: Command `dbt debug` failed at 14:10:52.579283 after 1.11 seconds
[0m14:10:52.579283 [debug] [MainThread]: Sending event: {'category': 'dbt', 'action': 'invocation', 'label': 'end', 'context': [<snowplow_tracker.self_describing_json.SelfDescribingJson object at 0x00000227D5661700>, <snowplow_tracker.self_describing_json.SelfDescribingJson object at 0x00000227CF459310>, <snowplow_tracker.self_describing_json.SelfDescribingJson object at 0x00000227D6365880>]}
[0m14:10:52.579283 [debug] [MainThread]: Flushing usage events
[0m14:16:34.014858 [debug] [MainThread]: Sending event: {'category': 'dbt', 'action': 'invocation', 'label': 'start', 'context': [<snowplow_tracker.self_describing_json.SelfDescribingJson object at 0x000001FE196B9340>, <snowplow_tracker.self_describing_json.SelfDescribingJson object at 0x000001FE196BA420>, <snowplow_tracker.self_describing_json.SelfDescribingJson object at 0x000001FE196B8E00>]}


============================== 14:16:34.024369 | 03c2ff5f-29af-4f50-aeb0-8cdedf9d429b ==============================
[0m14:16:34.024369 [info ] [MainThread]: Running with dbt=1.7.11
[0m14:16:34.028879 [debug] [MainThread]: running dbt with arguments {'printer_width': '80', 'indirect_selection': 'eager', 'log_cache_events': 'False', 'write_json': 'True', 'partial_parse': 'True', 'cache_selected_only': 'False', 'profiles_dir': 'C:\\Users\\JulianGourmelon-aret\\.dbt', 'version_check': 'True', 'debug': 'False', 'log_path': 'logs', 'warn_error': 'None', 'fail_fast': 'False', 'use_colors': 'True', 'use_experimental_parser': 'False', 'no_print': 'None', 'quiet': 'False', 'warn_error_options': 'WarnErrorOptions(include=[], exclude=[])', 'introspect': 'True', 'log_format': 'default', 'static_parser': 'True', 'target_path': 'None', 'invocation_command': 'dbt debug --config-dir', 'send_anonymous_usage_stats': 'True'}
[0m14:16:34.028879 [info ] [MainThread]: To view your profiles.yml file, run:

start C:\Users\JulianGourmelon-aret\.dbt
[0m14:16:34.034237 [debug] [MainThread]: Command `dbt debug` succeeded at 14:16:34.033509 after 0.21 seconds
[0m14:16:34.034237 [debug] [MainThread]: Sending event: {'category': 'dbt', 'action': 'invocation', 'label': 'end', 'context': [<snowplow_tracker.self_describing_json.SelfDescribingJson object at 0x000001FE167ED0A0>, <snowplow_tracker.self_describing_json.SelfDescribingJson object at 0x000001FE170A6240>, <snowplow_tracker.self_describing_json.SelfDescribingJson object at 0x000001FE195881D0>]}
[0m14:16:34.034237 [debug] [MainThread]: Flushing usage events
[0m14:19:05.197360 [debug] [MainThread]: Sending event: {'category': 'dbt', 'action': 'invocation', 'label': 'start', 'context': [<snowplow_tracker.self_describing_json.SelfDescribingJson object at 0x000001BFCC51E1B0>, <snowplow_tracker.self_describing_json.SelfDescribingJson object at 0x000001BFCC51DE20>, <snowplow_tracker.self_describing_json.SelfDescribingJson object at 0x000001BFCC51DCA0>]}


============================== 14:19:05.197360 | a8c1c0e3-b404-4915-b8aa-311901ac75a3 ==============================
[0m14:19:05.197360 [info ] [MainThread]: Running with dbt=1.7.11
[0m14:19:05.210881 [debug] [MainThread]: running dbt with arguments {'printer_width': '80', 'indirect_selection': 'eager', 'log_cache_events': 'False', 'write_json': 'True', 'partial_parse': 'True', 'cache_selected_only': 'False', 'warn_error': 'None', 'debug': 'False', 'fail_fast': 'False', 'log_path': 'logs', 'profiles_dir': 'C:\\Users\\JulianGourmelon-aret\\.dbt', 'version_check': 'True', 'use_colors': 'True', 'use_experimental_parser': 'False', 'no_print': 'None', 'quiet': 'False', 'log_format': 'default', 'invocation_command': 'dbt debug', 'static_parser': 'True', 'warn_error_options': 'WarnErrorOptions(include=[], exclude=[])', 'target_path': 'None', 'introspect': 'True', 'send_anonymous_usage_stats': 'True'}
[0m14:19:05.212319 [info ] [MainThread]: dbt version: 1.7.11
[0m14:19:05.213805 [info ] [MainThread]: python version: 3.12.2
[0m14:19:05.215254 [info ] [MainThread]: python path: C:\Users\JulianGourmelon-aret\OneDrive - areto consulting gmbh\Dokumente\dbt_full_pipeline\dbt_env\Scripts\python.exe
[0m14:19:05.216367 [info ] [MainThread]: os info: Windows-11-10.0.22631-SP0
[0m14:19:06.009339 [info ] [MainThread]: Using profiles dir at C:\Users\JulianGourmelon-aret\.dbt
[0m14:19:06.009339 [info ] [MainThread]: Using profiles.yml file at C:\Users\JulianGourmelon-aret\.dbt\profiles.yml
[0m14:19:06.009339 [info ] [MainThread]: Using dbt_project.yml file at C:\Users\JulianGourmelon-aret\OneDrive - areto consulting gmbh\Dokumente\dbt_full_pipeline\dbt_project.yml
[0m14:19:06.009339 [error] [MainThread]: Encountered an error:
Internal Error
  Profile should not be None if loading profile completed
[0m14:19:06.009339 [debug] [MainThread]: Command `dbt debug` failed at 14:19:06.009339 after 0.97 seconds
[0m14:19:06.009339 [debug] [MainThread]: Sending event: {'category': 'dbt', 'action': 'invocation', 'label': 'end', 'context': [<snowplow_tracker.self_describing_json.SelfDescribingJson object at 0x000001BFCBAB6570>, <snowplow_tracker.self_describing_json.SelfDescribingJson object at 0x000001BFCC32EF00>, <snowplow_tracker.self_describing_json.SelfDescribingJson object at 0x000001BFCD0DE450>]}
[0m14:19:06.024959 [debug] [MainThread]: Flushing usage events
[0m10:24:24.814491 [debug] [MainThread]: Sending event: {'category': 'dbt', 'action': 'invocation', 'label': 'start', 'context': [<snowplow_tracker.self_describing_json.SelfDescribingJson object at 0x000001384FF0D2E0>, <snowplow_tracker.self_describing_json.SelfDescribingJson object at 0x000001384FF0EE10>, <snowplow_tracker.self_describing_json.SelfDescribingJson object at 0x000001384FF0D550>]}


============================== 10:24:24.821644 | 6a916eae-6ec4-43f6-9b71-23ec15adfa78 ==============================
[0m10:24:24.821644 [info ] [MainThread]: Running with dbt=1.7.11
[0m10:24:24.822648 [debug] [MainThread]: running dbt with arguments {'printer_width': '80', 'indirect_selection': 'eager', 'log_cache_events': 'False', 'write_json': 'True', 'partial_parse': 'True', 'cache_selected_only': 'False', 'warn_error': 'None', 'fail_fast': 'False', 'version_check': 'True', 'log_path': 'logs', 'debug': 'False', 'profiles_dir': 'C:\\Users\\JulianGourmelon-aret\\.dbt', 'use_colors': 'True', 'use_experimental_parser': 'False', 'no_print': 'None', 'quiet': 'False', 'log_format': 'default', 'introspect': 'True', 'static_parser': 'True', 'invocation_command': 'dbt test', 'target_path': 'None', 'warn_error_options': 'WarnErrorOptions(include=[], exclude=[])', 'send_anonymous_usage_stats': 'True'}
[0m10:24:24.823644 [error] [MainThread]: Encountered an error:
Runtime Error
  No dbt_project.yml found at expected path C:\Users\JulianGourmelon-aret\OneDrive - areto consulting gmbh\Dokumente\dbt_full_pipeline\dbt_project.yml
  Verify that each entry within packages.yml (and their transitive dependencies) contains a file named dbt_project.yml

[0m10:24:24.826644 [debug] [MainThread]: Command `dbt test` failed at 10:24:24.826644 after 0.14 seconds
[0m10:24:24.827666 [debug] [MainThread]: Sending event: {'category': 'dbt', 'action': 'invocation', 'label': 'end', 'context': [<snowplow_tracker.self_describing_json.SelfDescribingJson object at 0x000001384FDFF020>, <snowplow_tracker.self_describing_json.SelfDescribingJson object at 0x000001384F006300>, <snowplow_tracker.self_describing_json.SelfDescribingJson object at 0x000001384FD2E6C0>]}
[0m10:24:24.828644 [debug] [MainThread]: Flushing usage events
[0m10:48:54.988503 [debug] [MainThread]: Sending event: {'category': 'dbt', 'action': 'invocation', 'label': 'start', 'context': [<snowplow_tracker.self_describing_json.SelfDescribingJson object at 0x0000021C92939400>, <snowplow_tracker.self_describing_json.SelfDescribingJson object at 0x0000021C929396A0>, <snowplow_tracker.self_describing_json.SelfDescribingJson object at 0x0000021C92939670>]}


============================== 10:48:54.999822 | d95467c1-db8f-49b9-b627-acb7549a5312 ==============================
[0m10:48:54.999822 [info ] [MainThread]: Running with dbt=1.7.11
[0m10:48:55.000820 [debug] [MainThread]: running dbt with arguments {'printer_width': '80', 'indirect_selection': 'eager', 'write_json': 'True', 'log_cache_events': 'False', 'partial_parse': 'True', 'cache_selected_only': 'False', 'warn_error': 'None', 'fail_fast': 'False', 'profiles_dir': 'C:\\Users\\JulianGourmelon-aret\\.dbt', 'log_path': 'logs', 'version_check': 'True', 'debug': 'False', 'use_colors': 'True', 'use_experimental_parser': 'False', 'no_print': 'None', 'quiet': 'False', 'warn_error_options': 'WarnErrorOptions(include=[], exclude=[])', 'static_parser': 'True', 'introspect': 'True', 'log_format': 'default', 'target_path': 'None', 'invocation_command': 'dbt run', 'send_anonymous_usage_stats': 'True'}
[0m10:48:55.002821 [error] [MainThread]: Encountered an error:
Runtime Error
  No dbt_project.yml found at expected path C:\Users\JulianGourmelon-aret\OneDrive - areto consulting gmbh\Dokumente\dbt_full_pipeline\dbt_project.yml
  Verify that each entry within packages.yml (and their transitive dependencies) contains a file named dbt_project.yml

[0m10:48:55.004820 [debug] [MainThread]: Command `dbt run` failed at 10:48:55.003823 after 0.24 seconds
[0m10:48:55.005820 [debug] [MainThread]: Sending event: {'category': 'dbt', 'action': 'invocation', 'label': 'end', 'context': [<snowplow_tracker.self_describing_json.SelfDescribingJson object at 0x0000021C92486480>, <snowplow_tracker.self_describing_json.SelfDescribingJson object at 0x0000021C92743530>, <snowplow_tracker.self_describing_json.SelfDescribingJson object at 0x0000021C927D5DF0>]}
[0m10:48:55.006826 [debug] [MainThread]: Flushing usage events
[0m17:07:43.922871 [debug] [MainThread]: Sending event: {'category': 'dbt', 'action': 'invocation', 'label': 'start', 'context': [<snowplow_tracker.self_describing_json.SelfDescribingJson object at 0x0000017B484C8890>, <snowplow_tracker.self_describing_json.SelfDescribingJson object at 0x0000017B484CA810>, <snowplow_tracker.self_describing_json.SelfDescribingJson object at 0x0000017B484C8DD0>]}


============================== 17:07:43.928501 | dc85e242-c809-4219-afb6-e2b2de745296 ==============================
[0m17:07:43.928501 [info ] [MainThread]: Running with dbt=1.7.11
[0m17:07:43.929404 [debug] [MainThread]: running dbt with arguments {'printer_width': '80', 'indirect_selection': 'eager', 'write_json': 'True', 'log_cache_events': 'False', 'partial_parse': 'True', 'cache_selected_only': 'False', 'warn_error': 'None', 'version_check': 'True', 'profiles_dir': 'C:\\Users\\JulianGourmelon-aret\\.dbt', 'log_path': 'logs', 'fail_fast': 'False', 'debug': 'False', 'use_colors': 'True', 'use_experimental_parser': 'False', 'no_print': 'None', 'quiet': 'False', 'log_format': 'default', 'static_parser': 'True', 'warn_error_options': 'WarnErrorOptions(include=[], exclude=[])', 'invocation_command': 'dbt test', 'target_path': 'None', 'introspect': 'True', 'send_anonymous_usage_stats': 'True'}
[0m17:07:43.931425 [error] [MainThread]: Encountered an error:
Runtime Error
  No dbt_project.yml found at expected path C:\Users\JulianGourmelon-aret\OneDrive - areto consulting gmbh\Dokumente\dbt_full_pipeline\dbt_project.yml
  Verify that each entry within packages.yml (and their transitive dependencies) contains a file named dbt_project.yml

[0m17:07:43.932937 [debug] [MainThread]: Command `dbt test` failed at 17:07:43.932937 after 0.18 seconds
[0m17:07:43.933956 [debug] [MainThread]: Sending event: {'category': 'dbt', 'action': 'invocation', 'label': 'end', 'context': [<snowplow_tracker.self_describing_json.SelfDescribingJson object at 0x0000017B481E4680>, <snowplow_tracker.self_describing_json.SelfDescribingJson object at 0x0000017B48365DC0>, <snowplow_tracker.self_describing_json.SelfDescribingJson object at 0x0000017B48365550>]}
[0m17:07:43.934959 [debug] [MainThread]: Flushing usage events
